f:\userdata\projects\yandex\yandex-unn\x64\debug\vc143.pdb
f:\userdata\projects\yandex\yandex-unn\x64\debug\vc143.idb
f:\userdata\projects\yandex\yandex-unn\x64\debug\w1t4.obj
f:\userdata\projects\yandex\yandex-unn\x64\debug\w1t3.obj
f:\userdata\projects\yandex\yandex-unn\x64\debug\w1t2.obj
f:\userdata\projects\yandex\yandex-unn\x64\debug\w1t1.obj
f:\userdata\projects\yandex\yandex-unn\x64\debug\w4t3.obj
f:\userdata\projects\yandex\yandex-unn\x64\debug\w3t5.obj
f:\userdata\projects\yandex\yandex-unn\x64\debug\w3t3.obj
f:\userdata\projects\yandex\yandex-unn\x64\debug\w3t1.obj
f:\userdata\projects\yandex\yandex-unn\x64\debug\w2t5_correct.obj
f:\userdata\projects\yandex\yandex-unn\x64\debug\w2t4.obj
f:\userdata\projects\yandex\yandex-unn\x64\debug\w2t3.obj
f:\userdata\projects\yandex\yandex-unn\x64\debug\w2t2.obj
f:\userdata\projects\yandex\yandex-unn\x64\debug\w2t1.obj
f:\userdata\projects\yandex\yandex-unn\x64\debug\source.obj
f:\userdata\projects\yandex\yandex-unn\x64\debug\w4t2.obj
f:\userdata\projects\yandex\yandex-unn\x64\debug\yandex-unn.exe
f:\userdata\projects\yandex\yandex-unn\x64\debug\yandex-unn.ilk
f:\userdata\projects\yandex\yandex-unn\x64\debug\yandex-unn.pdb
f:\userdata\projects\yandex\yandex-unn\x64\debug\yandex-unn.tlog\cl.command.1.tlog
f:\userdata\projects\yandex\yandex-unn\x64\debug\yandex-unn.tlog\cl.read.1.tlog
f:\userdata\projects\yandex\yandex-unn\x64\debug\yandex-unn.tlog\cl.write.1.tlog
f:\userdata\projects\yandex\yandex-unn\x64\debug\yandex-unn.tlog\link.command.1.tlog
f:\userdata\projects\yandex\yandex-unn\x64\debug\yandex-unn.tlog\link.read.1.tlog
f:\userdata\projects\yandex\yandex-unn\x64\debug\yandex-unn.tlog\link.write.1.tlog
